Arguments: 
  C:\Program Files\nodejs\node.exe C:\Users\yy\AppData\Roaming\npm\node_modules\yarn\bin\yarn.js

PATH: 
  C:\WINDOWS\system32;C:\WINDOWS;C:\WINDOWS\System32\Wbem;C:\WINDOWS\System32\WindowsPowerShell\v1.0\;D:\wamp\bin\mysql\mysql5.6.17\bin;C:\Program Files (x86)\ATI Technologies\ATI.ACE\Core-Static;D:\wamp\bin\php\php5.5.12;C:\Program Files\TortoiseGit\bin;C:\Program Files\Git\cmd;C:\Program Files\nodejs\;C:\WINDOWS\system32;C:\WINDOWS;C:\WINDOWS\System32\Wbem;C:\WINDOWS\System32\WindowsPowerShell\v1.0\;D:\wamp\bin\mysql\mysql5.6.17\bin;C:\Program Files (x86)\ATI Technologies\ATI.ACE\Core-Static;D:\wamp\bin\php\php5.5.12;C:\Program Files\TortoiseGit\bin;C:\Python27;C:\Users\yy\AppData\Local\Microsoft\WindowsApps;C:\Users\yy\AppData\Roaming\npm;C:\Users\yy\AppData\Local\atom\bin;%USERPROFILE%\AppData\Local\Microsoft\WindowsApps;

Yarn version: 
  0.27.5

Node version: 
  6.9.1

Platform: 
  win32 x64

npm manifest: 
  {
    "name": "practice",
    "version": "1.0.0",
    "description": "null",
    "main": "index.js",
    "scripts": {
      "dev": "webpack-dev-server --port=8888",
      "build": "webpack --config webpack.config.js",
      "server": "node server.js"
    },
    "dependencies": {
      "express": "^4.15.3",
      "koa": "^2.2.0",
      "mongoose": "^4.11.3",
      "react": "^15.5.4",
      "react-dom": "^15.5.4",
      "react-redux": "^5.0.5",
      "react-router": "^4.1.1",
      "redux": "^3.6.0",
      "redux-logger": "^3.0.6",
      "redux-thunk": "^2.2.0",
      "socket.io": "^2.0.1",
      "superagent": "^3.6.0",
      "ws": "^3.0.0"
    },
    "devDependencies": {
      "babel-core": "^6.25.0",
      "babel-eslint": "^7.2.3",
      "babel-loader": "^7.0.0",
      "babel-preset-es2015": "^6.24.1",
      "babel-preset-react": "^6.24.1",
      "babel-preset-stage-0": "^6.24.1",
      "css-loader": "^0.28.4",
      "eslint": "^3.11.1",
      "eslint-loader": "^1.7.1",
      "eslint-plugin-react": "^7.1.0",
      "html-webpack-plugin": "^2.28.0",
      "webpack": "^2.6.1",
      "webpack-dev-server": "^2.4.5"
    },
    "author": "wb",
    "license": "WB",
    "repository": "https://github.com/fbatm/webpack2_practise.git"
  }

yarn manifest: 
  No manifest

Lockfile: 
  No lockfile

Trace: 
  Error: EEXIST: file already exists, mkdir 'E:\github\webpack2_practise\node_modules\acorn-dynamic-import'
      at Error (native)
